<?xml version="1.0" encoding="UTF-8"?>
<testsuite name="Automation Demo Site" tests="1" skipped="0" failures="0" errors="0" timestamp="2021-12-16T04:10:00" hostname="DESKTOP-R1B28CI" time="23.981">
  <properties/>
  <testcase name="EMPTY_NAME" classname="Automation Demo Site" time="23.981"/>
  <system-out><![CDATA[]]></system-out>
  <system-err><![CDATA[[Test worker] WARN net.thucydides.core.steps.BaseStepListener - stepStarted: net.thucydides.core.steps.ExecutedStepDescription@f621330
[Test worker] WARN net.thucydides.core.steps.BaseStepListener - stepStarted: net.thucydides.core.steps.ExecutedStepDescription@72870b28
[Test worker] WARN net.thucydides.core.steps.BaseStepListener - stepStarted: net.thucydides.core.steps.ExecutedStepDescription@35bee650
Dec 15, 2021 11:10:00 PM org.openqa.selenium.remote.DesiredCapabilities chrome
INFO: Using `new ChromeOptions()` is preferred to `DesiredCapabilities.chrome()`
[Test worker] INFO net.serenitybdd.core.webdriver.driverproviders.ProvideNewDriver - Instantiating driver
[Test worker] INFO net.serenitybdd.core.webdriver.driverproviders.ProvideNewDriver - Driver capabilities: Capabilities {acceptInsecureCerts: false, browserName: chrome, chrome.switches: --start-maximized, goog:chromeOptions: {args: [--start-maximized], extensions: []}, loggingPrefs: org.openqa.selenium.logging..., platform: ANY, version: }
Starting ChromeDriver 96.0.4664.45 (76e4c1bb2ab4671b8beba3444e61c0f17584b2fc-refs/branch-heads/4664@{#947}) on port 12100
Only local connections are allowed.
Please see https://chromedriver.chromium.org/security-considerations for suggestions on keeping ChromeDriver safe.
ChromeDriver was started successfully.
Dec 15, 2021 11:10:03 PM org.openqa.selenium.remote.ProtocolHandshake createSession
INFO: Detected dialect: W3C
[Test worker] WARN net.thucydides.core.steps.BaseStepListener - stepFinished: current outcome::Given than Yaiseth wants to registration in the Automation Demo Site page [Yaiseth open up [Yaiseth opens the Automation demo site page]]
[Test worker] WARN net.thucydides.core.steps.BaseStepListener - stepFinished: current outcome::Given than Yaiseth wants to registration in the Automation Demo Site page [Yaiseth open up [Yaiseth opens the Automation demo site page]]
[Test worker] WARN net.thucydides.core.steps.BaseStepListener - stepFinished: current outcome::Given than Yaiseth wants to registration in the Automation Demo Site page [Yaiseth open up [Yaiseth opens the Automation demo site page]]
[Test worker] WARN net.thucydides.core.steps.BaseStepListener - stepStarted: net.thucydides.core.steps.ExecutedStepDescription@2e9db5c0
[Test worker] WARN net.thucydides.core.steps.BaseStepListener - stepStarted: net.thucydides.core.steps.ExecutedStepDescription@19c7e1f0
[Test worker] WARN net.thucydides.core.steps.BaseStepListener - stepStarted: net.thucydides.core.steps.ExecutedStepDescription@1691038d
[Test worker] WARN net.thucydides.core.steps.BaseStepListener - stepFinished: current outcome::Given than Yaiseth wants to registration in the Automation Demo Site page [Yaiseth open up [Yaiseth opens the Automation demo site page]], When fills in all requested fields [Yaiseth login on demo [Yaiseth clicks on button skip login section]]
[Test worker] WARN net.thucydides.core.steps.BaseStepListener - stepStarted: net.thucydides.core.steps.ExecutedStepDescription@5c88b1a
[Test worker] WARN net.thucydides.core.steps.BaseStepListener - stepFinished: current outcome::Given than Yaiseth wants to registration in the Automation Demo Site page [Yaiseth open up [Yaiseth opens the Automation demo site page]], When fills in all requested fields [Yaiseth login on demo [Yaiseth clicks on button skip login section, Yaiseth enters 'Diana' into Insert Name]]
[Test worker] WARN net.thucydides.core.steps.BaseStepListener - stepStarted: net.thucydides.core.steps.ExecutedStepDescription@3ecfa437
[Test worker] WARN net.thucydides.core.steps.BaseStepListener - stepFinished: current outcome::Given than Yaiseth wants to registration in the Automation Demo Site page [Yaiseth open up [Yaiseth opens the Automation demo site page]], When fills in all requested fields [Yaiseth login on demo [Yaiseth clicks on button skip login section, Yaiseth enters 'Diana' into Insert Name, Yaiseth enters 'Victoria' into Insert LastName]]
[Test worker] WARN net.thucydides.core.steps.BaseStepListener - stepStarted: net.thucydides.core.steps.ExecutedStepDescription@3ee211c2
[Test worker] WARN net.thucydides.core.steps.BaseStepListener - stepFinished: current outcome::Given than Yaiseth wants to registration in the Automation Demo Site page [Yaiseth open up [Yaiseth opens the Automation demo site page]], When fills in all requested fields [Yaiseth login on demo [Yaiseth clicks on button skip login section, Yaiseth enters 'Diana' into Insert Name, Yaiseth enters 'Victoria' into Insert LastName, Yaiseth enters 'Panama Oeste' into Insert your Address]]
[Test worker] WARN net.thucydides.core.steps.BaseStepListener - stepStarted: net.thucydides.core.steps.ExecutedStepDescription@31f0ad24
[Test worker] WARN net.thucydides.core.steps.BaseStepListener - stepFinished: current outcome::Given than Yaiseth wants to registration in the Automation Demo Site page [Yaiseth open up [Yaiseth opens the Automation demo site page]], When fills in all requested fields [Yaiseth login on demo [Yaiseth clicks on button skip login section, Yaiseth enters 'Diana' into Insert Name, Yaiseth enters 'Victoria' into Insert LastName, Yaiseth enters 'Panama Oeste' into Insert your Address, Yaiseth enters 'diana@gmail.com' into write email]]
[Test worker] WARN net.thucydides.core.steps.BaseStepListener - stepStarted: net.thucydides.core.steps.ExecutedStepDescription@2c853235
[Test worker] WARN net.thucydides.core.steps.BaseStepListener - stepFinished: current outcome::Given than Yaiseth wants to registration in the Automation Demo Site page [Yaiseth open up [Yaiseth opens the Automation demo site page]], When fills in all requested fields [Yaiseth login on demo [Yaiseth clicks on button skip login section, Yaiseth enters 'Diana' into Insert Name, Yaiseth enters 'Victoria' into Insert LastName, Yaiseth enters 'Panama Oeste' into Insert your Address, Yaiseth enters 'diana@gmail.com' into write email, Yaiseth enters '7739600726' into Insert the phone number]]
[Test worker] WARN net.thucydides.core.steps.BaseStepListener - stepStarted: net.thucydides.core.steps.ExecutedStepDescription@5edb08c
[Test worker] WARN net.thucydides.core.steps.BaseStepListener - stepFinished: current outcome::Given than Yaiseth wants to registration in the Automation Demo Site page [Yaiseth open up [Yaiseth opens the Automation demo site page]], When fills in all requested fields [Yaiseth login on demo [Yaiseth clicks on button skip login section, Yaiseth enters 'Diana' into Insert Name, Yaiseth enters 'Victoria' into Insert LastName, Yaiseth enters 'Panama Oeste' into Insert your Address, Yaiseth enters 'diana@gmail.com' into write email, Yaiseth enters '7739600726' into Insert the phone number, Yaiseth clicks on Select gender]]
[Test worker] WARN net.thucydides.core.steps.BaseStepListener - stepStarted: net.thucydides.core.steps.ExecutedStepDescription@54539b1d
[Test worker] WARN net.thucydides.core.steps.BaseStepListener - stepFinished: current outcome::Given than Yaiseth wants to registration in the Automation Demo Site page [Yaiseth open up [Yaiseth opens the Automation demo site page]], When fills in all requested fields [Yaiseth login on demo [Yaiseth clicks on button skip login section, Yaiseth enters 'Diana' into Insert Name, Yaiseth enters 'Victoria' into Insert LastName, Yaiseth enters 'Panama Oeste' into Insert your Address, Yaiseth enters 'diana@gmail.com' into write email, Yaiseth enters '7739600726' into Insert the phone number, Yaiseth clicks on Select gender, Yaiseth clicks on Click to skill drop]]
[Test worker] WARN net.thucydides.core.steps.BaseStepListener - stepStarted: net.thucydides.core.steps.ExecutedStepDescription@4be10543
[Test worker] WARN net.thucydides.core.steps.BaseStepListener - stepFinished: current outcome::Given than Yaiseth wants to registration in the Automation Demo Site page [Yaiseth open up [Yaiseth opens the Automation demo site page]], When fills in all requested fields [Yaiseth login on demo [Yaiseth clicks on button skip login section, Yaiseth enters 'Diana' into Insert Name, Yaiseth enters 'Victoria' into Insert LastName, Yaiseth enters 'Panama Oeste' into Insert your Address, Yaiseth enters 'diana@gmail.com' into write email, Yaiseth enters '7739600726' into Insert the phone number, Yaiseth clicks on Select gender, Yaiseth clicks on Click to skill drop, Yaiseth clicks on Select Skill]]
[Test worker] WARN net.thucydides.core.steps.BaseStepListener - stepStarted: net.thucydides.core.steps.ExecutedStepDescription@71c85e64
[Test worker] WARN net.thucydides.core.steps.BaseStepListener - stepFinished: current outcome::Given than Yaiseth wants to registration in the Automation Demo Site page [Yaiseth open up [Yaiseth opens the Automation demo site page]], When fills in all requested fields [Yaiseth login on demo [Yaiseth clicks on button skip login section, Yaiseth enters 'Diana' into Insert Name, Yaiseth enters 'Victoria' into Insert LastName, Yaiseth enters 'Panama Oeste' into Insert your Address, Yaiseth enters 'diana@gmail.com' into write email, Yaiseth enters '7739600726' into Insert the phone number, Yaiseth clicks on Select gender, Yaiseth clicks on Click to skill drop, Yaiseth clicks on Select Skill, Yaiseth clicks on Click to Country drop]]
[Test worker] WARN net.thucydides.core.steps.BaseStepListener - stepStarted: net.thucydides.core.steps.ExecutedStepDescription@7ec0bda9
[Test worker] WARN net.thucydides.core.steps.BaseStepListener - stepFinished: current outcome::Given than Yaiseth wants to registration in the Automation Demo Site page [Yaiseth open up [Yaiseth opens the Automation demo site page]], When fills in all requested fields [Yaiseth login on demo [Yaiseth clicks on button skip login section, Yaiseth enters 'Diana' into Insert Name, Yaiseth enters 'Victoria' into Insert LastName, Yaiseth enters 'Panama Oeste' into Insert your Address, Yaiseth enters 'diana@gmail.com' into write email, Yaiseth enters '7739600726' into Insert the phone number, Yaiseth clicks on Select gender, Yaiseth clicks on Click to skill drop, Yaiseth clicks on Select Skill, Yaiseth clicks on Click to Country drop, Yaiseth enters 'United States of America' into Select Country]]
[Test worker] WARN net.thucydides.core.steps.BaseStepListener - stepStarted: net.thucydides.core.steps.ExecutedStepDescription@3e6bbcc4
[Test worker] WARN net.thucydides.core.steps.BaseStepListener - stepFinished: current outcome::Given than Yaiseth wants to registration in the Automation Demo Site page [Yaiseth open up [Yaiseth opens the Automation demo site page]], When fills in all requested fields [Yaiseth login on demo [Yaiseth clicks on button skip login section, Yaiseth enters 'Diana' into Insert Name, Yaiseth enters 'Victoria' into Insert LastName, Yaiseth enters 'Panama Oeste' into Insert your Address, Yaiseth enters 'diana@gmail.com' into write email, Yaiseth enters '7739600726' into Insert the phone number, Yaiseth clicks on Select gender, Yaiseth clicks on Click to skill drop, Yaiseth clicks on Select Skill, Yaiseth clicks on Click to Country drop, Yaiseth enters 'United States of America' into Select Country, Yaiseth selects 1994 in Select his year of birth]]
[Test worker] WARN net.thucydides.core.steps.BaseStepListener - stepStarted: net.thucydides.core.steps.ExecutedStepDescription@7da08d4a
[Test worker] WARN net.thucydides.core.steps.BaseStepListener - stepFinished: current outcome::Given than Yaiseth wants to registration in the Automation Demo Site page [Yaiseth open up [Yaiseth opens the Automation demo site page]], When fills in all requested fields [Yaiseth login on demo [Yaiseth clicks on button skip login section, Yaiseth enters 'Diana' into Insert Name, Yaiseth enters 'Victoria' into Insert LastName, Yaiseth enters 'Panama Oeste' into Insert your Address, Yaiseth enters 'diana@gmail.com' into write email, Yaiseth enters '7739600726' into Insert the phone number, Yaiseth clicks on Select gender, Yaiseth clicks on Click to skill drop, Yaiseth clicks on Select Skill, Yaiseth clicks on Click to Country drop, Yaiseth enters 'United States of America' into Select Country, Yaiseth selects 1994 in Select his year of birth, Yaiseth clicks on Select drop Month]]
[Test worker] WARN net.thucydides.core.steps.BaseStepListener - stepStarted: net.thucydides.core.steps.ExecutedStepDescription@7b35e9b5
[Test worker] WARN net.thucydides.core.steps.BaseStepListener - stepFinished: current outcome::Given than Yaiseth wants to registration in the Automation Demo Site page [Yaiseth open up [Yaiseth opens the Automation demo site page]], When fills in all requested fields [Yaiseth login on demo [Yaiseth clicks on button skip login section, Yaiseth enters 'Diana' into Insert Name, Yaiseth enters 'Victoria' into Insert LastName, Yaiseth enters 'Panama Oeste' into Insert your Address, Yaiseth enters 'diana@gmail.com' into write email, Yaiseth enters '7739600726' into Insert the phone number, Yaiseth clicks on Select gender, Yaiseth clicks on Click to skill drop, Yaiseth clicks on Select Skill, Yaiseth clicks on Click to Country drop, Yaiseth enters 'United States of America' into Select Country, Yaiseth selects 1994 in Select his year of birth, Yaiseth clicks on Select drop Month, Yaiseth clicks on Select his birthday day]]
[Test worker] WARN net.thucydides.core.steps.BaseStepListener - stepStarted: net.thucydides.core.steps.ExecutedStepDescription@3dcd7a82
[Test worker] WARN net.thucydides.core.steps.BaseStepListener - stepFinished: current outcome::Given than Yaiseth wants to registration in the Automation Demo Site page [Yaiseth open up [Yaiseth opens the Automation demo site page]], When fills in all requested fields [Yaiseth login on demo [Yaiseth clicks on button skip login section, Yaiseth enters 'Diana' into Insert Name, Yaiseth enters 'Victoria' into Insert LastName, Yaiseth enters 'Panama Oeste' into Insert your Address, Yaiseth enters 'diana@gmail.com' into write email, Yaiseth enters '7739600726' into Insert the phone number, Yaiseth clicks on Select gender, Yaiseth clicks on Click to skill drop, Yaiseth clicks on Select Skill, Yaiseth clicks on Click to Country drop, Yaiseth enters 'United States of America' into Select Country, Yaiseth selects 1994 in Select his year of birth, Yaiseth clicks on Select drop Month, Yaiseth clicks on Select his birthday day, Yaiseth clicks on Write his password]]
[Test worker] WARN net.thucydides.core.steps.BaseStepListener - stepStarted: net.thucydides.core.steps.ExecutedStepDescription@4dab7351
[Test worker] WARN net.thucydides.core.steps.BaseStepListener - stepFinished: current outcome::Given than Yaiseth wants to registration in the Automation Demo Site page [Yaiseth open up [Yaiseth opens the Automation demo site page]], When fills in all requested fields [Yaiseth login on demo [Yaiseth clicks on button skip login section, Yaiseth enters 'Diana' into Insert Name, Yaiseth enters 'Victoria' into Insert LastName, Yaiseth enters 'Panama Oeste' into Insert your Address, Yaiseth enters 'diana@gmail.com' into write email, Yaiseth enters '7739600726' into Insert the phone number, Yaiseth clicks on Select gender, Yaiseth clicks on Click to skill drop, Yaiseth clicks on Select Skill, Yaiseth clicks on Click to Country drop, Yaiseth enters 'United States of America' into Select Country, Yaiseth selects 1994 in Select his year of birth, Yaiseth clicks on Select drop Month, Yaiseth clicks on Select his birthday day, Yaiseth clicks on Write his password, Yaiseth enters 'Abcd1234' into Write his password]]
[Test worker] WARN net.thucydides.core.steps.BaseStepListener - stepStarted: net.thucydides.core.steps.ExecutedStepDescription@64ca373b
[Test worker] WARN net.thucydides.core.steps.BaseStepListener - stepFinished: current outcome::Given than Yaiseth wants to registration in the Automation Demo Site page [Yaiseth open up [Yaiseth opens the Automation demo site page]], When fills in all requested fields [Yaiseth login on demo [Yaiseth clicks on button skip login section, Yaiseth enters 'Diana' into Insert Name, Yaiseth enters 'Victoria' into Insert LastName, Yaiseth enters 'Panama Oeste' into Insert your Address, Yaiseth enters 'diana@gmail.com' into write email, Yaiseth enters '7739600726' into Insert the phone number, Yaiseth clicks on Select gender, Yaiseth clicks on Click to skill drop, Yaiseth clicks on Select Skill, Yaiseth clicks on Click to Country drop, Yaiseth enters 'United States of America' into Select Country, Yaiseth selects 1994 in Select his year of birth, Yaiseth clicks on Select drop Month, Yaiseth clicks on Select his birthday day, Yaiseth clicks on Write his password, Yaiseth enters 'Abcd1234' into Write his password, Yaiseth enters 'Abcd1234' into Write his password again]]
[Test worker] WARN net.thucydides.core.steps.BaseStepListener - stepStarted: net.thucydides.core.steps.ExecutedStepDescription@479f30eb
[Test worker] WARN net.thucydides.core.steps.BaseStepListener - stepFinished: current outcome::Given than Yaiseth wants to registration in the Automation Demo Site page [Yaiseth open up [Yaiseth opens the Automation demo site page]], When fills in all requested fields [Yaiseth login on demo [Yaiseth clicks on button skip login section, Yaiseth enters 'Diana' into Insert Name, Yaiseth enters 'Victoria' into Insert LastName, Yaiseth enters 'Panama Oeste' into Insert your Address, Yaiseth enters 'diana@gmail.com' into write email, Yaiseth enters '7739600726' into Insert the phone number, Yaiseth clicks on Select gender, Yaiseth clicks on Click to skill drop, Yaiseth clicks on Select Skill, Yaiseth clicks on Click to Country drop, Yaiseth enters 'United States of America' into Select Country, Yaiseth selects 1994 in Select his year of birth, Yaiseth clicks on Select drop Month, Yaiseth clicks on Select his birthday day, Yaiseth clicks on Write his password, Yaiseth enters 'Abcd1234' into Write his password, Yaiseth enters 'Abcd1234' into Write his password again, Yaiseth clicks on button submit register]]
[Test worker] WARN net.thucydides.core.steps.BaseStepListener - stepFinished: current outcome::Given than Yaiseth wants to registration in the Automation Demo Site page [Yaiseth open up [Yaiseth opens the Automation demo site page]], When fills in all requested fields [Yaiseth login on demo [Yaiseth clicks on button skip login section, Yaiseth enters 'Diana' into Insert Name, Yaiseth enters 'Victoria' into Insert LastName, Yaiseth enters 'Panama Oeste' into Insert your Address, Yaiseth enters 'diana@gmail.com' into write email, Yaiseth enters '7739600726' into Insert the phone number, Yaiseth clicks on Select gender, Yaiseth clicks on Click to skill drop, Yaiseth clicks on Select Skill, Yaiseth clicks on Click to Country drop, Yaiseth enters 'United States of America' into Select Country, Yaiseth selects 1994 in Select his year of birth, Yaiseth clicks on Select drop Month, Yaiseth clicks on Select his birthday day, Yaiseth clicks on Write his password, Yaiseth enters 'Abcd1234' into Write his password, Yaiseth enters 'Abcd1234' into Write his password again, Yaiseth clicks on button submit register]]
[Test worker] WARN net.thucydides.core.steps.BaseStepListener - stepFinished: current outcome::Given than Yaiseth wants to registration in the Automation Demo Site page [Yaiseth open up [Yaiseth opens the Automation demo site page]], When fills in all requested fields [Yaiseth login on demo [Yaiseth clicks on button skip login section, Yaiseth enters 'Diana' into Insert Name, Yaiseth enters 'Victoria' into Insert LastName, Yaiseth enters 'Panama Oeste' into Insert your Address, Yaiseth enters 'diana@gmail.com' into write email, Yaiseth enters '7739600726' into Insert the phone number, Yaiseth clicks on Select gender, Yaiseth clicks on Click to skill drop, Yaiseth clicks on Select Skill, Yaiseth clicks on Click to Country drop, Yaiseth enters 'United States of America' into Select Country, Yaiseth selects 1994 in Select his year of birth, Yaiseth clicks on Select drop Month, Yaiseth clicks on Select his birthday day, Yaiseth clicks on Write his password, Yaiseth enters 'Abcd1234' into Write his password, Yaiseth enters 'Abcd1234' into Write his password again, Yaiseth clicks on button submit register]]
[Test worker] WARN net.thucydides.core.steps.BaseStepListener - stepStarted: net.thucydides.core.steps.ExecutedStepDescription@60fa7e17
[Test worker] WARN net.thucydides.core.steps.BaseStepListener - stepFinished: current outcome::Given than Yaiseth wants to registration in the Automation Demo Site page [Yaiseth open up [Yaiseth opens the Automation demo site page]], When fills in all requested fields [Yaiseth login on demo [Yaiseth clicks on button skip login section, Yaiseth enters 'Diana' into Insert Name, Yaiseth enters 'Victoria' into Insert LastName, Yaiseth enters 'Panama Oeste' into Insert your Address, Yaiseth enters 'diana@gmail.com' into write email, Yaiseth enters '7739600726' into Insert the phone number, Yaiseth clicks on Select gender, Yaiseth clicks on Click to skill drop, Yaiseth clicks on Select Skill, Yaiseth clicks on Click to Country drop, Yaiseth enters 'United States of America' into Select Country, Yaiseth selects 1994 in Select his year of birth, Yaiseth clicks on Select drop Month, Yaiseth clicks on Select his birthday day, Yaiseth clicks on Write his password, Yaiseth enters 'Abcd1234' into Write his password, Yaiseth enters 'Abcd1234' into Write his password again, Yaiseth clicks on button submit register]], Then complete all the field
[Test worker] WARN net.thucydides.core.steps.BaseStepListener - testFinished: :Given than Yaiseth wants to registration in the Automation Demo Site page [Yaiseth open up [Yaiseth opens the Automation demo site page]], When fills in all requested fields [Yaiseth login on demo [Yaiseth clicks on button skip login section, Yaiseth enters 'Diana' into Insert Name, Yaiseth enters 'Victoria' into Insert LastName, Yaiseth enters 'Panama Oeste' into Insert your Address, Yaiseth enters 'diana@gmail.com' into write email, Yaiseth enters '7739600726' into Insert the phone number, Yaiseth clicks on Select gender, Yaiseth clicks on Click to skill drop, Yaiseth clicks on Select Skill, Yaiseth clicks on Click to Country drop, Yaiseth enters 'United States of America' into Select Country, Yaiseth selects 1994 in Select his year of birth, Yaiseth clicks on Select drop Month, Yaiseth clicks on Select his birthday day, Yaiseth clicks on Write his password, Yaiseth enters 'Abcd1234' into Write his password, Yaiseth enters 'Abcd1234' into Write his password again, Yaiseth clicks on button submit register]], Then complete all the field
[Test worker] WARN net.thucydides.core.steps.BaseStepListener - TestOutcomes: [:Given than Yaiseth wants to registration in the Automation Demo Site page [Yaiseth open up [Yaiseth opens the Automation demo site page]], When fills in all requested fields [Yaiseth login on demo [Yaiseth clicks on button skip login section, Yaiseth enters 'Diana' into Insert Name, Yaiseth enters 'Victoria' into Insert LastName, Yaiseth enters 'Panama Oeste' into Insert your Address, Yaiseth enters 'diana@gmail.com' into write email, Yaiseth enters '7739600726' into Insert the phone number, Yaiseth clicks on Select gender, Yaiseth clicks on Click to skill drop, Yaiseth clicks on Select Skill, Yaiseth clicks on Click to Country drop, Yaiseth enters 'United States of America' into Select Country, Yaiseth selects 1994 in Select his year of birth, Yaiseth clicks on Select drop Month, Yaiseth clicks on Select his birthday day, Yaiseth clicks on Write his password, Yaiseth enters 'Abcd1234' into Write his password, Yaiseth enters 'Abcd1234' into Write his password again, Yaiseth clicks on button submit register]], Then complete all the field]
[Test worker] WARN net.thucydides.core.steps.BaseStepListener - Final testOutcomes: [:Given than Yaiseth wants to registration in the Automation Demo Site page [Yaiseth open up [Yaiseth opens the Automation demo site page]], When fills in all requested fields [Yaiseth login on demo [Yaiseth clicks on button skip login section, Yaiseth enters 'Diana' into Insert Name, Yaiseth enters 'Victoria' into Insert LastName, Yaiseth enters 'Panama Oeste' into Insert your Address, Yaiseth enters 'diana@gmail.com' into write email, Yaiseth enters '7739600726' into Insert the phone number, Yaiseth clicks on Select gender, Yaiseth clicks on Click to skill drop, Yaiseth clicks on Select Skill, Yaiseth clicks on Click to Country drop, Yaiseth enters 'United States of America' into Select Country, Yaiseth selects 1994 in Select his year of birth, Yaiseth clicks on Select drop Month, Yaiseth clicks on Select his birthday day, Yaiseth clicks on Write his password, Yaiseth enters 'Abcd1234' into Write his password, Yaiseth enters 'Abcd1234' into Write his password again, Yaiseth clicks on button submit register]], Then complete all the field]
[Test worker] INFO net.thucydides.core.steps.ConsoleLoggingListener - 
        __    _____ _____ ____ _____   ____   _    ____  ____  _____ ____  
  _     \ \  |_   _| ____/ ___|_   _| |  _ \ / \  / ___|/ ___|| ____|  _ \ 
 (_)_____| |   | | |  _| \___ \ | |   | |_) / _ \ \___ \\___ \|  _| | | | |
  _|_____| |   | | | |___ ___) || |   |  __/ ___ \ ___) |___) | |___| |_| |
 (_)     | |   |_| |_____|____/ |_|   |_| /_/   \_\____/|____/|_____|____/ 
        /_/                                                                

TEST PASSED: 
----------------------------------------------------------------------------
]]></system-err>
</testsuite>
